<?xml version="1.0" encoding="UTF-8"?>
<!-- Generated by org.testng.reporters.JUnitReportReporter -->
<testsuite hostname="DESKTOP-1KMDQFU" failures="0" tests="1" name="com.testcases.BookWithExistingTests" time="35.350" errors="0" timestamp="2024-02-05T21:29:40 IST" skipped="0">
  <testcase classname="com.testcases.BookWithExistingTests" name="validatelogin" time="35.350"/>
</testsuite> <!-- com.testcases.BookWithExistingTests -->
