<?xml version="1.0" encoding="UTF-8"?>
<!-- Generated by org.testng.reporters.JUnitReportReporter -->
<testsuite hostname="DESKTOP-1KMDQFU" failures="0" tests="1" name="com.testcases.BookinWithEmailTests" time="43.627" errors="0" timestamp="2024-02-05T23:49:05 IST" skipped="0">
  <testcase classname="com.testcases.BookinWithEmailTests" name="validatelogin" time="43.627"/>
</testsuite> <!-- com.testcases.BookinWithEmailTests -->
