<?xml version="1.0" encoding="UTF-8"?>
<!-- Generated by org.testng.reporters.JUnitReportReporter -->
<testsuite hostname="DESKTOP-1KMDQFU" failures="0" tests="1" name="com.testcases.BookWithExistingTests" time="23.871" errors="0" timestamp="2024-02-05T23:49:05 IST" skipped="0">
  <testcase classname="com.testcases.BookWithExistingTests" name="validatelogin" time="23.871"/>
</testsuite> <!-- com.testcases.BookWithExistingTests -->
